{"level":"error","message":"timestemp : Tue Jan 16 2024 18:56:26 GMT+0530 (India Standard Time), requestUrl : /, statusCode : 200, message : Postaway Application Home Page","service":"request-logging"}
{"level":"error","message":"timestemp : Thu Jan 18 2024 18:35:03 GMT+0530 (India Standard Time), requestUrl : /api/signup, statusCode : undefined, message : Cannot destructure property 'name' of 'req.body' as it is undefined.","service":"request-logging"}
{"level":"error","message":"timestemp : Thu Jan 18 2024 18:36:26 GMT+0530 (India Standard Time), requestUrl : /api/signup, statusCode : undefined, message : Cannot destructure property 'name' of 'req.body' as it is undefined.","service":"request-logging"}
{"level":"error","message":"timestemp : Thu Jan 18 2024 18:36:53 GMT+0530 (India Standard Time), requestUrl : /api/signup, statusCode : undefined, message : Cannot destructure property 'name' of 'req.body' as it is undefined.","service":"request-logging"}
{"level":"error","message":"timestemp : Thu Jan 18 2024 18:37:19 GMT+0530 (India Standard Time), requestUrl : /api/signup, statusCode : undefined, message : Cannot destructure property 'name' of 'req.body' as it is undefined.","service":"request-logging"}
{"level":"error","message":"timestemp : Thu Jan 18 2024 18:37:31 GMT+0530 (India Standard Time), requestUrl : /api/signup, statusCode : undefined, message : Cannot destructure property 'name' of 'req.body' as it is undefined.","service":"request-logging"}
{"level":"error","message":"timestemp : Thu Jan 18 2024 18:39:50 GMT+0530 (India Standard Time), requestUrl : /api/signup, statusCode : undefined, message : Class constructor customErrorHandler cannot be invoked without 'new'","service":"request-logging"}
{"level":"error","message":"timestemp : Thu Jan 18 2024 18:40:33 GMT+0530 (India Standard Time), requestUrl : /api/signup, statusCode : undefined, message : Class constructor customErrorHandler cannot be invoked without 'new'","service":"request-logging"}
{"level":"error","message":"timestemp : Fri Jan 19 2024 09:25:43 GMT+0530 (India Standard Time), requestUrl : /api/signin, statusCode : 500, message : Server error: Invalid credentials","service":"request-logging"}
{"level":"error","message":"timestemp : Fri Jan 19 2024 09:25:51 GMT+0530 (India Standard Time), requestUrl : /api/signup, statusCode : 500, message : Server error: Success is not defined","service":"request-logging"}
{"level":"error","message":"timestemp : Fri Jan 19 2024 09:26:31 GMT+0530 (India Standard Time), requestUrl : /api/signin, statusCode : 500, message : Server error: Invalid credentials","service":"request-logging"}
{"level":"error","message":"timestemp : Fri Jan 19 2024 09:38:02 GMT+0530 (India Standard Time), requestUrl : /api/user/1, statusCode : 500, message : Server error: User not found","service":"request-logging"}
{"level":"error","message":"timestemp : Fri Jan 19 2024 09:38:20 GMT+0530 (India Standard Time), requestUrl : /api/user/1, statusCode : 500, message : Server error: User not found","service":"request-logging"}
{"level":"error","message":"timestemp : Fri Jan 19 2024 09:54:30 GMT+0530 (India Standard Time), requestUrl : /api/user/11, statusCode : 500, message : Server error: User not found","service":"request-logging"}
{"level":"error","message":"timestemp : Fri Jan 19 2024 09:54:48 GMT+0530 (India Standard Time), requestUrl : /api/user/11, statusCode : 401, message : User not found","service":"request-logging"}
{"level":"error","message":"timestemp : Fri Jan 19 2024 09:55:26 GMT+0530 (India Standard Time), requestUrl : /api/signin, statusCode : 401, message : Invalid credentials","service":"request-logging"}
{"level":"error","message":"timestemp : Fri Jan 19 2024 09:55:34 GMT+0530 (India Standard Time), requestUrl : /api/signin, statusCode : 401, message : Invalid credentials","service":"request-logging"}
{"level":"error","message":"timestemp : Fri Jan 19 2024 10:14:12 GMT+0530 (India Standard Time), requestUrl : /api/user/11, statusCode : 404, message : User Unauthorized","service":"request-logging"}
{"level":"error","message":"timestemp : Fri Jan 19 2024 10:14:38 GMT+0530 (India Standard Time), requestUrl : /api/user/11, statusCode : 401, message : User not found","service":"request-logging"}
{"level":"error","message":"timestemp : Fri Jan 19 2024 17:48:17 GMT+0530 (India Standard Time), requestUrl : /api/posts/postsbyuser, statusCode : 400, message : Post not found","service":"request-logging"}
{"level":"error","message":"timestemp : Fri Jan 19 2024 17:48:38 GMT+0530 (India Standard Time), requestUrl : /api/posts/postsbyuser, statusCode : 400, message : Post not found","service":"request-logging"}
{"level":"error","message":"timestemp : Fri Jan 19 2024 17:49:16 GMT+0530 (India Standard Time), requestUrl : /api/posts/postsbyuser, statusCode : 400, message : Post not found","service":"request-logging"}
{"level":"error","message":"timestemp : Fri Jan 19 2024 17:49:48 GMT+0530 (India Standard Time), requestUrl : /api/posts/postsbyuser, statusCode : 400, message : Post not found","service":"request-logging"}
{"level":"error","message":"timestemp : Fri Jan 19 2024 17:50:19 GMT+0530 (India Standard Time), requestUrl : /api/posts/postsbyuser, statusCode : 400, message : Post not found","service":"request-logging"}
{"level":"error","message":"timestemp : Fri Jan 19 2024 17:51:00 GMT+0530 (India Standard Time), requestUrl : /api/posts/postsbyuser, statusCode : 400, message : Post not found","service":"request-logging"}
{"level":"error","message":"timestemp : Fri Jan 19 2024 17:51:21 GMT+0530 (India Standard Time), requestUrl : /api/posts/postsbyuser, statusCode : 400, message : Post not found","service":"request-logging"}
{"level":"error","message":"timestemp : Fri Jan 19 2024 17:51:31 GMT+0530 (India Standard Time), requestUrl : /api/posts/postsbyuse, statusCode : 400, message : Post not found","service":"request-logging"}
{"level":"error","message":"timestemp : Fri Jan 19 2024 17:52:00 GMT+0530 (India Standard Time), requestUrl : /api/posts/postsbyuses, statusCode : 400, message : Post not found","service":"request-logging"}
{"level":"error","message":"timestemp : Fri Jan 19 2024 17:54:13 GMT+0530 (India Standard Time), requestUrl : /api/posts/postsbyuses, statusCode : 400, message : Post not found","service":"request-logging"}
{"level":"error","message":"timestemp : Fri Jan 19 2024 17:54:27 GMT+0530 (India Standard Time), requestUrl : /api/posts/postsbyuses, statusCode : 400, message : Post not found","service":"request-logging"}
{"level":"error","message":"timestemp : Fri Jan 19 2024 17:54:44 GMT+0530 (India Standard Time), requestUrl : /api/posts/postsbyuses, statusCode : 400, message : Post not found","service":"request-logging"}
{"level":"error","message":"timestemp : Fri Jan 19 2024 17:55:20 GMT+0530 (India Standard Time), requestUrl : /api/posts/postsbyuser, statusCode : 400, message : Post not found","service":"request-logging"}
{"level":"error","message":"timestemp : Fri Jan 19 2024 17:55:27 GMT+0530 (India Standard Time), requestUrl : /api/posts/postsbyuser, statusCode : 400, message : Post not found","service":"request-logging"}
{"level":"error","message":"timestemp : Fri Jan 19 2024 17:56:37 GMT+0530 (India Standard Time), requestUrl : /api/posts, statusCode : 404, message : User Unauthorized","service":"request-logging"}
{"level":"error","message":"timestemp : Fri Jan 19 2024 17:58:09 GMT+0530 (India Standard Time), requestUrl : /api/posts/postsbyuser, statusCode : 400, message : Post not found","service":"request-logging"}
{"level":"error","message":"timestemp : Fri Jan 19 2024 17:58:43 GMT+0530 (India Standard Time), requestUrl : /api/posts/postsbyuser, statusCode : 404, message : User Unauthorized","service":"request-logging"}
{"level":"error","message":"timestemp : Fri Jan 19 2024 18:05:29 GMT+0530 (India Standard Time), requestUrl : /api/posts/postsbyuser, statusCode : 400, message : 1 is not a function","service":"request-logging"}
{"level":"error","message":"timestemp : Fri Jan 19 2024 18:26:06 GMT+0530 (India Standard Time), requestUrl : /api/posts/newpost, statusCode : undefined, message : ENOENT: no such file or directory, open 'F:\\Coding Ninjas Coourse\\WEB DEVELOPMENT\\2_BACKEND\\62_Project_2_Postaway\\upload\\2024-01-19T12_56_06.464ZRomantic VR Games on Valentine.jpeg'","service":"request-logging"}
{"level":"error","message":"timestemp : Fri Jan 19 2024 18:26:41 GMT+0530 (India Standard Time), requestUrl : /api/posts/newpost, statusCode : undefined, message : ENOENT: no such file or directory, open 'F:\\Coding Ninjas Coourse\\WEB DEVELOPMENT\\2_BACKEND\\62_Project_2_Postaway\\upload\\2024-01-19T12_56_41.122ZRomantic VR Games on Valentine.jpeg'","service":"request-logging"}
{"level":"error","message":"timestemp : Fri Jan 19 2024 18:27:22 GMT+0530 (India Standard Time), requestUrl : /api/posts/newpost, statusCode : undefined, message : ENOENT: no such file or directory, open 'F:\\Coding Ninjas Coourse\\WEB DEVELOPMENT\\2_BACKEND\\62_Project_2_Postaway\\upload\\2024-01-19T12_57_22.206ZRomantic VR Games on Valentine.jpeg'","service":"request-logging"}
{"level":"error","message":"timestemp : Fri Jan 19 2024 18:28:05 GMT+0530 (India Standard Time), requestUrl : /api/posts/newpost, statusCode : undefined, message : ENOENT: no such file or directory, open 'F:\\Coding Ninjas Coourse\\WEB DEVELOPMENT\\2_BACKEND\\62_Project_2_Postaway\\upload\\2024-01-19T12_58_05.033ZRomanticVRGamesOnValentine.jpeg'","service":"request-logging"}
{"level":"error","message":"timestemp : Fri Jan 19 2024 18:29:05 GMT+0530 (India Standard Time), requestUrl : /api/posts/newpost, statusCode : undefined, message : Cannot read properties of undefined (reading 'userId')","service":"request-logging"}
{"level":"error","message":"timestemp : Fri Jan 19 2024 18:29:44 GMT+0530 (India Standard Time), requestUrl : /api/posts/newpost, statusCode : undefined, message : Cannot read properties of undefined (reading 'userId')","service":"request-logging"}
{"level":"error","message":"timestemp : Fri Jan 19 2024 18:30:11 GMT+0530 (India Standard Time), requestUrl : /api/posts/newpost, statusCode : undefined, message : Cannot read properties of undefined (reading 'userId')","service":"request-logging"}
{"level":"error","message":"timestemp : Fri Jan 19 2024 18:30:35 GMT+0530 (India Standard Time), requestUrl : /api/posts/newpost, statusCode : undefined, message : Cannot read properties of undefined (reading 'userId')","service":"request-logging"}
{"level":"error","message":"timestemp : Fri Jan 19 2024 18:32:25 GMT+0530 (India Standard Time), requestUrl : /api/posts/newpost, statusCode : 400, message : posrObj is not defined","service":"request-logging"}
{"level":"error","message":"timestemp : Sun Jan 21 2024 07:36:33 GMT+0530 (India Standard Time), requestUrl : /api/posts/1, statusCode : undefined, message : Cannot read properties of undefined (reading 'userId')","service":"request-logging"}
{"level":"error","message":"timestemp : Sun Jan 21 2024 07:38:59 GMT+0530 (India Standard Time), requestUrl : /api/posts/1, statusCode : undefined, message : Cannot read properties of undefined (reading 'userId')","service":"request-logging"}
{"level":"error","message":"timestemp : Sun Jan 21 2024 07:39:20 GMT+0530 (India Standard Time), requestUrl : /api/posts/1, statusCode : undefined, message : Cannot read properties of undefined (reading 'userId')","service":"request-logging"}
{"level":"error","message":"timestemp : Sun Jan 21 2024 07:39:39 GMT+0530 (India Standard Time), requestUrl : /api/posts/1, statusCode : undefined, message : Cannot read properties of undefined (reading 'userId')","service":"request-logging"}
{"level":"error","message":"timestemp : Sun Jan 21 2024 07:40:18 GMT+0530 (India Standard Time), requestUrl : /api/posts/1, statusCode : undefined, message : Cannot read properties of undefined (reading 'userId')","service":"request-logging"}
{"level":"error","message":"timestemp : Sun Jan 21 2024 07:41:20 GMT+0530 (India Standard Time), requestUrl : /api/posts/1, statusCode : 400, message : You are not allowed to update","service":"request-logging"}
{"level":"error","message":"timestemp : Sun Jan 21 2024 07:42:59 GMT+0530 (India Standard Time), requestUrl : /api/posts/1, statusCode : 400, message : You are not allowed to update","service":"request-logging"}
{"level":"error","message":"timestemp : Sun Jan 21 2024 07:43:13 GMT+0530 (India Standard Time), requestUrl : /api/posts/2, statusCode : 400, message : You are not allowed to update","service":"request-logging"}
{"level":"error","message":"timestemp : Sun Jan 21 2024 07:43:51 GMT+0530 (India Standard Time), requestUrl : /api/posts/3, statusCode : 400, message : You are not allowed to update","service":"request-logging"}
{"level":"error","message":"timestemp : Sun Jan 21 2024 07:44:30 GMT+0530 (India Standard Time), requestUrl : /api/posts/3, statusCode : 400, message : You are not allowed to update","service":"request-logging"}
{"level":"error","message":"timestemp : Sun Jan 21 2024 07:49:49 GMT+0530 (India Standard Time), requestUrl : /api/posts/3, statusCode : 400, message : postExists is not defined","service":"request-logging"}
{"level":"error","message":"timestemp : Sun Jan 21 2024 08:02:51 GMT+0530 (India Standard Time), requestUrl : /api/posts/3, statusCode : 400, message : Post is not found","service":"request-logging"}
{"level":"error","message":"timestemp : Sun Jan 21 2024 09:06:33 GMT+0530 (India Standard Time), requestUrl : /api/comments/1, statusCode : undefined, message : customErrorHandler is not defined","service":"request-logging"}
{"level":"error","message":"timestemp : Sun Jan 21 2024 09:08:01 GMT+0530 (India Standard Time), requestUrl : /api/comments/1, statusCode : undefined, message : customErrorHandler is not defined","service":"request-logging"}
{"level":"error","message":"timestemp : Sun Jan 21 2024 09:08:18 GMT+0530 (India Standard Time), requestUrl : /api/comments/1, statusCode : undefined, message : customErrorHandler is not defined","service":"request-logging"}
{"level":"error","message":"timestemp : Sun Jan 21 2024 09:09:48 GMT+0530 (India Standard Time), requestUrl : /api/comments/1, statusCode : undefined, message : customErrorHandler is not defined","service":"request-logging"}
{"level":"error","message":"timestemp : Sun Jan 21 2024 09:10:20 GMT+0530 (India Standard Time), requestUrl : /api/comments/1, statusCode : undefined, message : customErrorHandler is not defined","service":"request-logging"}
{"level":"error","message":"timestemp : Sun Jan 21 2024 09:12:16 GMT+0530 (India Standard Time), requestUrl : /api/comments/1, statusCode : undefined, message : customErrorHandler is not defined","service":"request-logging"}
{"level":"error","message":"timestemp : Sun Jan 21 2024 09:12:50 GMT+0530 (India Standard Time), requestUrl : /api/comments/1, statusCode : undefined, message : customErrorHandler is not defined","service":"request-logging"}
{"level":"error","message":"timestemp : Sun Jan 21 2024 09:13:27 GMT+0530 (India Standard Time), requestUrl : /api/comments/1, statusCode : undefined, message : customErrorHandler is not defined","service":"request-logging"}
{"level":"error","message":"timestemp : Sun Jan 21 2024 09:14:13 GMT+0530 (India Standard Time), requestUrl : /api/comments/1, statusCode : undefined, message : customErrorHandler is not defined","service":"request-logging"}
{"level":"error","message":"timestemp : Sun Jan 21 2024 10:02:47 GMT+0530 (India Standard Time), requestUrl : /api/comments/1, statusCode : undefined, message : customErrorHandler is not defined","service":"request-logging"}
{"level":"error","message":"timestemp : Sun Jan 21 2024 10:03:31 GMT+0530 (India Standard Time), requestUrl : /api/comments/1, statusCode : undefined, message : customErrorHandler is not defined","service":"request-logging"}
{"level":"error","message":"timestemp : Sun Jan 21 2024 10:04:38 GMT+0530 (India Standard Time), requestUrl : /api/comments/1, statusCode : undefined, message : customErrorHandler is not defined","service":"request-logging"}
{"level":"error","message":"timestemp : Sun Jan 21 2024 10:06:18 GMT+0530 (India Standard Time), requestUrl : /api/comments/1, statusCode : 404, message : TokenExpiredError: jwt expired","service":"request-logging"}
{"level":"error","message":"timestemp : Sun Jan 21 2024 10:06:36 GMT+0530 (India Standard Time), requestUrl : /api/comments/1, statusCode : undefined, message : customErrorHandler is not defined","service":"request-logging"}
{"level":"error","message":"timestemp : Sun Jan 21 2024 10:07:59 GMT+0530 (India Standard Time), requestUrl : /api/comments/1, statusCode : undefined, message : customErrorHandler is not defined","service":"request-logging"}
{"level":"error","message":"timestemp : Sun Jan 21 2024 10:08:33 GMT+0530 (India Standard Time), requestUrl : /api/comments/1, statusCode : undefined, message : customErrorHandler is not defined","service":"request-logging"}
{"level":"error","message":"timestemp : Sun Jan 21 2024 10:08:52 GMT+0530 (India Standard Time), requestUrl : /api/comments/1, statusCode : undefined, message : customErrorHandler is not defined","service":"request-logging"}
{"level":"error","message":"timestemp : Sun Jan 21 2024 10:14:06 GMT+0530 (India Standard Time), requestUrl : /api/comments/1, statusCode : undefined, message : customErrorHandler is not defined","service":"request-logging"}
{"level":"error","message":"timestemp : Sun Jan 21 2024 10:14:22 GMT+0530 (India Standard Time), requestUrl : /api/comments/1, statusCode : undefined, message : customErrorHandler is not defined","service":"request-logging"}
{"level":"error","message":"timestemp : Sun Jan 21 2024 10:18:55 GMT+0530 (India Standard Time), requestUrl : /api/comments/1, statusCode : undefined, message : customErrorHandler is not defined","service":"request-logging"}
{"level":"error","message":"timestemp : Sun Jan 21 2024 10:20:33 GMT+0530 (India Standard Time), requestUrl : /api/comments/1, statusCode : undefined, message : customErrorHandler is not defined","service":"request-logging"}
{"level":"error","message":"timestemp : Sun Jan 21 2024 10:21:13 GMT+0530 (India Standard Time), requestUrl : /api/comments/2, statusCode : undefined, message : customErrorHandler is not defined","service":"request-logging"}
{"level":"error","message":"timestemp : Sun Jan 21 2024 10:21:24 GMT+0530 (India Standard Time), requestUrl : /api/comments/3, statusCode : undefined, message : customErrorHandler is not defined","service":"request-logging"}
{"level":"error","message":"timestemp : Sun Jan 21 2024 10:21:51 GMT+0530 (India Standard Time), requestUrl : /api/comments/3, statusCode : undefined, message : customErrorHandler is not defined","service":"request-logging"}
{"level":"error","message":"timestemp : Sun Jan 21 2024 10:22:02 GMT+0530 (India Standard Time), requestUrl : /api/comments/2, statusCode : undefined, message : customErrorHandler is not defined","service":"request-logging"}
{"level":"error","message":"timestemp : Sun Jan 21 2024 10:22:29 GMT+0530 (India Standard Time), requestUrl : /api/comments/2, statusCode : undefined, message : customErrorHandler is not defined","service":"request-logging"}
{"level":"error","message":"timestemp : Sun Jan 21 2024 10:23:00 GMT+0530 (India Standard Time), requestUrl : /api/comments/2, statusCode : undefined, message : customErrorHandler is not defined","service":"request-logging"}
{"level":"error","message":"timestemp : Sun Jan 21 2024 10:23:51 GMT+0530 (India Standard Time), requestUrl : /api/comments/2, statusCode : undefined, message : customErrorHandler is not defined","service":"request-logging"}
{"level":"error","message":"timestemp : Sun Jan 21 2024 10:24:29 GMT+0530 (India Standard Time), requestUrl : /api/comments/2, statusCode : undefined, message : customErrorHandler is not defined","service":"request-logging"}
{"level":"error","message":"timestemp : Sun Jan 21 2024 10:25:05 GMT+0530 (India Standard Time), requestUrl : /api/comments/2, statusCode : undefined, message : customErrorHandler is not defined","service":"request-logging"}
{"level":"error","message":"timestemp : Sun Jan 21 2024 10:26:17 GMT+0530 (India Standard Time), requestUrl : /api/comments/2, statusCode : undefined, message : customErrorHandler is not defined","service":"request-logging"}
{"level":"error","message":"timestemp : Sun Jan 21 2024 10:27:02 GMT+0530 (India Standard Time), requestUrl : /api/comments/2, statusCode : undefined, message : customErrorHandler is not defined","service":"request-logging"}
{"level":"error","message":"timestemp : Sun Jan 21 2024 10:27:57 GMT+0530 (India Standard Time), requestUrl : /api/comments/2, statusCode : undefined, message : customErrorHandler is not defined","service":"request-logging"}
{"level":"error","message":"timestemp : Sun Jan 21 2024 10:29:27 GMT+0530 (India Standard Time), requestUrl : /api/comments/2, statusCode : undefined, message : customErrorHandler is not defined","service":"request-logging"}
{"level":"error","message":"timestemp : Sun Jan 21 2024 10:29:49 GMT+0530 (India Standard Time), requestUrl : /api/comments/2, statusCode : undefined, message : customErrorHandler is not defined","service":"request-logging"}
{"level":"error","message":"timestemp : Sun Jan 21 2024 10:30:59 GMT+0530 (India Standard Time), requestUrl : /api/comments/2, statusCode : undefined, message : customErrorHandler is not defined","service":"request-logging"}
{"level":"error","message":"timestemp : Sun Jan 21 2024 10:31:24 GMT+0530 (India Standard Time), requestUrl : /api/comments/2, statusCode : undefined, message : customErrorHandler is not defined","service":"request-logging"}
{"level":"error","message":"timestemp : Sun Jan 21 2024 10:32:20 GMT+0530 (India Standard Time), requestUrl : /api/comments/2, statusCode : undefined, message : customErrorHandler is not defined","service":"request-logging"}
{"level":"error","message":"timestemp : Sun Jan 21 2024 10:33:02 GMT+0530 (India Standard Time), requestUrl : /api/comments/2, statusCode : undefined, message : customErrorHandler is not defined","service":"request-logging"}
{"level":"error","message":"timestemp : Sun Jan 21 2024 10:33:23 GMT+0530 (India Standard Time), requestUrl : /api/comments/2, statusCode : undefined, message : customErrorHandler is not defined","service":"request-logging"}
{"level":"error","message":"timestemp : Sun Jan 21 2024 10:33:44 GMT+0530 (India Standard Time), requestUrl : /api/comments/2, statusCode : undefined, message : customErrorHandler is not defined","service":"request-logging"}
{"level":"error","message":"timestemp : Sun Jan 21 2024 10:33:57 GMT+0530 (India Standard Time), requestUrl : /api/comments/2, statusCode : undefined, message : customErrorHandler is not defined","service":"request-logging"}
{"level":"error","message":"timestemp : Sun Jan 21 2024 10:34:35 GMT+0530 (India Standard Time), requestUrl : /api/comments/2, statusCode : undefined, message : customErrorHandler is not defined","service":"request-logging"}
{"level":"error","message":"timestemp : Sun Jan 21 2024 10:35:09 GMT+0530 (India Standard Time), requestUrl : /api/comments/2, statusCode : undefined, message : customErrorHandler is not defined","service":"request-logging"}
{"level":"error","message":"timestemp : Sun Jan 21 2024 10:36:13 GMT+0530 (India Standard Time), requestUrl : /api/comments/2, statusCode : undefined, message : customErrorHandler is not defined","service":"request-logging"}
{"level":"error","message":"timestemp : Sun Jan 21 2024 10:36:43 GMT+0530 (India Standard Time), requestUrl : /api/comments/2, statusCode : undefined, message : customErrorHandler is not defined","service":"request-logging"}
{"level":"error","message":"timestemp : Sun Jan 21 2024 10:37:52 GMT+0530 (India Standard Time), requestUrl : /api/comments/2, statusCode : undefined, message : customErrorHandler is not defined","service":"request-logging"}
{"level":"error","message":"timestemp : Sun Jan 21 2024 10:38:48 GMT+0530 (India Standard Time), requestUrl : /api/comments/2, statusCode : undefined, message : customErrorHandler is not defined","service":"request-logging"}
{"level":"error","message":"timestemp : Sun Jan 21 2024 10:39:26 GMT+0530 (India Standard Time), requestUrl : /api/comments/2, statusCode : undefined, message : customErrorHandler is not defined","service":"request-logging"}
{"level":"error","message":"timestemp : Sun Jan 21 2024 10:45:45 GMT+0530 (India Standard Time), requestUrl : /api/comments/2, statusCode : undefined, message : customErrorHandler is not defined","service":"request-logging"}
{"level":"error","message":"timestemp : Sun Jan 21 2024 10:46:46 GMT+0530 (India Standard Time), requestUrl : /api/comments/2, statusCode : undefined, message : customErrorHandler is not defined","service":"request-logging"}
{"level":"error","message":"timestemp : Sun Jan 21 2024 10:47:01 GMT+0530 (India Standard Time), requestUrl : /api/comments/2, statusCode : undefined, message : customErrorHandler is not defined","service":"request-logging"}
{"level":"error","message":"timestemp : Sun Jan 21 2024 10:47:25 GMT+0530 (India Standard Time), requestUrl : /api/comments/2, statusCode : undefined, message : customErrorHandler is not defined","service":"request-logging"}
{"level":"error","message":"timestemp : Sun Jan 21 2024 23:25:11 GMT+0530 (India Standard Time), requestUrl : /api/comments/2, statusCode : 404, message : TokenExpiredError: jwt expired","service":"request-logging"}
{"level":"error","message":"timestemp : Sun Jan 21 2024 23:25:45 GMT+0530 (India Standard Time), requestUrl : /api/comments/2, statusCode : 400, message : No comments on this post by user ","service":"request-logging"}
{"level":"error","message":"timestemp : Sun Jan 21 2024 23:26:35 GMT+0530 (India Standard Time), requestUrl : /api/comments/2, statusCode : 400, message : No comments on this post by user ","service":"request-logging"}
{"level":"error","message":"timestemp : Sun Jan 21 2024 23:31:43 GMT+0530 (India Standard Time), requestUrl : /api/comments/2, statusCode : 400, message : No comments on this post by user ","service":"request-logging"}
{"level":"error","message":"timestemp : Sun Jan 21 2024 23:32:16 GMT+0530 (India Standard Time), requestUrl : /api/comments/2, statusCode : 400, message : No comments on this post by user ","service":"request-logging"}
{"level":"error","message":"timestemp : Sun Jan 21 2024 23:32:35 GMT+0530 (India Standard Time), requestUrl : /api/comments/2, statusCode : 400, message : No comments on this post by user ","service":"request-logging"}
{"level":"error","message":"timestemp : Sun Jan 21 2024 23:33:11 GMT+0530 (India Standard Time), requestUrl : /api/comments/2, statusCode : 400, message : No comments on this post by user ","service":"request-logging"}
{"level":"error","message":"timestemp : Sun Jan 21 2024 23:43:05 GMT+0530 (India Standard Time), requestUrl : /api/comments/2, statusCode : 400, message : No comments on this post by user ","service":"request-logging"}
{"level":"error","message":"timestemp : Sun Jan 21 2024 23:47:37 GMT+0530 (India Standard Time), requestUrl : /api/comments/2, statusCode : 400, message : User already comment on this post for correction click on update comment","service":"request-logging"}
{"level":"error","message":"timestemp : Sun Jan 21 2024 23:48:07 GMT+0530 (India Standard Time), requestUrl : /api/comments/2, statusCode : 400, message : User already comment on this post for correction click on update comment","service":"request-logging"}
{"level":"error","message":"timestemp : Sun Jan 21 2024 23:48:51 GMT+0530 (India Standard Time), requestUrl : /api/comments/2, statusCode : 400, message : User already comment on this post for correction click on update comment","service":"request-logging"}
{"level":"error","message":"timestemp : Sun Jan 21 2024 23:58:26 GMT+0530 (India Standard Time), requestUrl : /api/comments/2, statusCode : 400, message : No comments on this post by user ","service":"request-logging"}
{"level":"error","message":"timestemp : Sun Jan 21 2024 23:59:03 GMT+0530 (India Standard Time), requestUrl : /api/comments/2, statusCode : 400, message : No comments on this post by user ","service":"request-logging"}
{"level":"error","message":"timestemp : Mon Jan 22 2024 00:04:51 GMT+0530 (India Standard Time), requestUrl : /api/comments/1, statusCode : 400, message : No comment by user for this post","service":"request-logging"}
{"level":"error","message":"timestemp : Mon Jan 22 2024 00:05:03 GMT+0530 (India Standard Time), requestUrl : /api/comments/1, statusCode : 400, message : No comment by user for this post","service":"request-logging"}
{"level":"error","message":"timestemp : Mon Jan 22 2024 00:05:12 GMT+0530 (India Standard Time), requestUrl : /api/comments/2, statusCode : 400, message : No comment by user for this post","service":"request-logging"}
{"level":"error","message":"timestemp : Mon Jan 22 2024 00:13:12 GMT+0530 (India Standard Time), requestUrl : /api/comments/1, statusCode : 400, message : User already comment on this post for correction click on update comment","service":"request-logging"}
{"level":"error","message":"timestemp : Mon Jan 22 2024 00:13:35 GMT+0530 (India Standard Time), requestUrl : /api/comments/comment/1, statusCode : 400, message : No comment by user for this post","service":"request-logging"}
{"level":"error","message":"timestemp : Mon Jan 22 2024 00:14:37 GMT+0530 (India Standard Time), requestUrl : /api/comments/comment/1, statusCode : 400, message : cpmmsnts is not defined","service":"request-logging"}
{"level":"error","message":"timestemp : Mon Jan 22 2024 00:15:27 GMT+0530 (India Standard Time), requestUrl : /api/comments/comment/2, statusCode : 400, message : No comment by comment","service":"request-logging"}
{"level":"error","message":"timestemp : Mon Jan 22 2024 00:20:32 GMT+0530 (India Standard Time), requestUrl : /api/comments/comment/2, statusCode : 400, message : No comment by user","service":"request-logging"}
{"level":"error","message":"timestemp : Mon Jan 22 2024 00:23:01 GMT+0530 (India Standard Time), requestUrl : /api/comments/comment/1, statusCode : 400, message : userId is not defined","service":"request-logging"}
{"level":"error","message":"timestemp : Mon Jan 22 2024 00:24:29 GMT+0530 (India Standard Time), requestUrl : /api/comments/comment/2, statusCode : 400, message : No comment by user","service":"request-logging"}
{"level":"error","message":"timestemp : Mon Jan 22 2024 08:20:00 GMT+0530 (India Standard Time), requestUrl : /api/likes/1, statusCode : 400, message : Post not found","service":"request-logging"}
{"level":"error","message":"timestemp : Mon Jan 22 2024 08:20:30 GMT+0530 (India Standard Time), requestUrl : /api/likes/1, statusCode : 400, message : Post not found","service":"request-logging"}
{"level":"error","message":"timestemp : Mon Jan 22 2024 08:33:07 GMT+0530 (India Standard Time), requestUrl : /api/likes/3, statusCode : 400, message : postExists is not defined","service":"request-logging"}
{"level":"error","message":"timestemp : Mon Jan 22 2024 08:36:28 GMT+0530 (India Standard Time), requestUrl : /api/likes/2, statusCode : 400, message : Post not found","service":"request-logging"}
{"level":"error","message":"timestemp : Mon Jan 22 2024 08:36:38 GMT+0530 (India Standard Time), requestUrl : /api/likes/1, statusCode : 400, message : Post not found","service":"request-logging"}
{"level":"error","message":"timestemp : Mon Jan 22 2024 08:36:54 GMT+0530 (India Standard Time), requestUrl : /api/likes/2, statusCode : 400, message : Post not found","service":"request-logging"}
{"level":"error","message":"timestemp : Mon Jan 22 2024 08:37:46 GMT+0530 (India Standard Time), requestUrl : /api/likes/2, statusCode : 400, message : Post not found","service":"request-logging"}
{"level":"error","message":"timestemp : Mon Jan 22 2024 08:39:44 GMT+0530 (India Standard Time), requestUrl : /api/comments/1, statusCode : 400, message : User already comment on this post for correction click on update comment","service":"request-logging"}
{"level":"error","message":"timestemp : Mon Jan 22 2024 08:53:13 GMT+0530 (India Standard Time), requestUrl : /api/likes/1, statusCode : undefined, message : postID is not defined","service":"request-logging"}
